<?xml version="1.0" encoding="UTF-8"?>
<!-- Generated by org.testng.reporters.JUnitReportReporter -->
<testsuite skipped="0" hostname="LAPTOP-1RMVF318" name="com.smoke.ApplicationStatus" tests="1" failures="0" timestamp="11 Apr 2020 18:00:53 GMT" time="4.728" errors="0">
  <testcase name="setup" time="4.728" classname="com.smoke.ApplicationStatus"/>
</testsuite> <!-- com.smoke.ApplicationStatus -->
