<?xml version="1.0" encoding="UTF-8"?>
<!-- Generated by org.testng.reporters.JUnitReportReporter -->
<testsuite skipped="0" hostname="LAPTOP-1RMVF318" name="com.regression.MarketData" tests="1" failures="0" timestamp="11 Apr 2020 18:06:44 GMT" time="0.009" errors="0">
  <testcase name="regression_tc2" time="0.009" classname="com.regression.MarketData"/>
</testsuite> <!-- com.regression.MarketData -->
